<?xml version="1.0" encoding="UTF-8"?>
<testng-results total="2" passed="2" failed="0" skipped="0">
  <reporter-output>
    <line>
      <![CDATA[application Opened]]>
    </line>
    <line>
      <![CDATA[login completed]]>
    </line>
    <line>
      <![CDATA[logout completed]]>
    </line>
    <line>
      <![CDATA[application closed]]>
    </line>
    <line>
      <![CDATA[application Opened]]>
    </line>
    <line>
      <![CDATA[login completed]]>
    </line>
    <line>
      <![CDATA[entered in to frame]]>
    </line>
    <line>
      <![CDATA[employee added]]>
    </line>
    <line>
      <![CDATA[exit from frame]]>
    </line>
    <line>
      <![CDATA[logout completed]]>
    </line>
    <line>
      <![CDATA[application closed]]>
    </line>
  </reporter-output>
  <suite started-at="2024-05-22T05:29:52Z" name="Suite1" finished-at="2024-05-22T05:30:22Z" duration-ms="30038">
    <groups>
    </groups>
    <test started-at="2024-05-22T05:29:52Z" name="Nopackage" finished-at="2024-05-22T05:30:22Z" duration-ms="30038">
      <class name="com.hrms.testscripts.TC_001">
        <test-method signature="tc001()[pri:0, instance:com.hrms.testscripts.TC_001@30a3107a]" started-at="2024-05-22T10:59:52Z" name="tc001" finished-at="2024-05-22T11:00:06Z" duration-ms="14159" status="PASS">
          <reporter-output>
            <line>
              <![CDATA[application Opened]]>
            </line>
            <line>
              <![CDATA[login completed]]>
            </line>
            <line>
              <![CDATA[logout completed]]>
            </line>
            <line>
              <![CDATA[application closed]]>
            </line>
          </reporter-output>
        </test-method> <!-- tc001 -->
      </class> <!-- com.hrms.testscripts.TC_001 -->
      <class name="com.hrms.testscripts.TC_002">
        <test-method signature="tc002()[pri:0, instance:com.hrms.testscripts.TC_002@69a3d1d]" started-at="2024-05-22T11:00:06Z" name="tc002" finished-at="2024-05-22T11:00:22Z" duration-ms="15860" status="PASS">
          <reporter-output>
            <line>
              <![CDATA[application Opened]]>
            </line>
            <line>
              <![CDATA[login completed]]>
            </line>
            <line>
              <![CDATA[entered in to frame]]>
            </line>
            <line>
              <![CDATA[employee added]]>
            </line>
            <line>
              <![CDATA[exit from frame]]>
            </line>
            <line>
              <![CDATA[logout completed]]>
            </line>
            <line>
              <![CDATA[application closed]]>
            </line>
          </reporter-output>
        </test-method> <!-- tc002 -->
      </class> <!-- com.hrms.testscripts.TC_002 -->
    </test> <!-- Nopackage -->
  </suite> <!-- Suite1 -->
</testng-results>
